0 info it worked if it ends with ok
1 verbose cli [ 'C:\\Program Files\\nodejs\\node.exe',
1 verbose cli   'C:\\Program Files\\nodejs\\node_modules\\npm\\bin\\npm-cli.js',
1 verbose cli   'publish' ]
2 info using npm@2.14.7
3 info using node@v4.2.1
4 verbose publish [ '.' ]
5 silly cache add args [ '.', null ]
6 verbose cache add spec .
7 silly cache add parsed spec Result {
7 silly cache add   raw: '.',
7 silly cache add   scope: null,
7 silly cache add   name: null,
7 silly cache add   rawSpec: '.',
7 silly cache add   spec: 'C:\\code\\aetheric\\gulp-recipe-browserify',
7 silly cache add   type: 'directory' }
8 verbose addLocalDirectory C:\Users\pcummuskey\AppData\Roaming\npm-cache\gulp-recipe-browserify\1.1.0-alpha.1\package.tgz not in flight; packing
9 verbose tar pack [ 'C:\\Users\\pcummuskey\\AppData\\Roaming\\npm-cache\\gulp-recipe-browserify\\1.1.0-alpha.1\\package.tgz',
9 verbose tar pack   'C:\\code\\aetheric\\gulp-recipe-browserify' ]
10 verbose tarball C:\Users\pcummuskey\AppData\Roaming\npm-cache\gulp-recipe-browserify\1.1.0-alpha.1\package.tgz
11 verbose folder C:\code\aetheric\gulp-recipe-browserify
12 info prepublish gulp-recipe-browserify@1.1.0-alpha.1
13 verbose addLocalTarball adding from inside cache C:\Users\pcummuskey\AppData\Roaming\npm-cache\gulp-recipe-browserify\1.1.0-alpha.1\package.tgz
14 silly cache afterAdd gulp-recipe-browserify@1.1.0-alpha.1
15 verbose afterAdd C:\Users\pcummuskey\AppData\Roaming\npm-cache\gulp-recipe-browserify\1.1.0-alpha.1\package\package.json not in flight; writing
16 verbose afterAdd C:\Users\pcummuskey\AppData\Roaming\npm-cache\gulp-recipe-browserify\1.1.0-alpha.1\package\package.json written
17 silly publish { name: 'gulp-recipe-browserify',
17 silly publish   version: '1.1.0-alpha.1',
17 silly publish   description: 'A gulp plugin that implements the browserify recipe described at https://wehavefaces.net/gulp-browserify-the-gulp-y-way-bb359b3f9623.',
17 silly publish   main: 'index.js',
17 silly publish   scripts: { test: 'gulp test' },
17 silly publish   repository:
17 silly publish    { type: 'git',
17 silly publish      url: 'git+ssh://git@github.com/aetheric/gulp-recipe-browserify.git' },
17 silly publish   keywords: [ 'gulpplugin' ],
17 silly publish   author: { name: 'Peter Cummuskey', email: 'peterc@aetheric.co.nz' },
17 silly publish   license: 'MIT',
17 silly publish   bugs: { url: 'https://github.com/aetheric/gulp-recipe-browserify/issues' },
17 silly publish   homepage: 'https://github.com/aetheric/gulp-recipe-browserify#readme',
17 silly publish   dependencies: { browserify: '^12.0.1', 'vinyl-transform': '^1.0.0' },
17 silly publish   devDependencies:
17 silly publish    { assert: '^1.3.0',
17 silly publish      eol: '^0.2.0',
17 silly publish      gulp: '^3.9.0',
17 silly publish      'gulp-mocha': '^2.1.3',
17 silly publish      'gulp-util': '^3.0.7',
17 silly publish      'vinyl-fs': '^2.2.1' },
17 silly publish   gitHead: '62ce006c549f00fe9dce31d2e49e5895a7da88ef',
17 silly publish   readme: '= gulp-recipe-browserify\r\n\r\nA gulp plugin that implements the recipe described at\r\nlink:https://wehavefaces.net/gulp-browserify-the-gulp-y-way-bb359b3f9623.\r\n\r\n',
17 silly publish   readmeFilename: 'README.adoc',
17 silly publish   _id: 'gulp-recipe-browserify@1.1.0-alpha.1',
17 silly publish   _shasum: '69a533a3b2f1d2b2940f1511c68059b9ea0c3358',
17 silly publish   _from: '.' }
18 verbose getPublishConfig undefined
19 silly mapToRegistry name gulp-recipe-browserify
20 silly mapToRegistry using default registry
21 silly mapToRegistry registry https://registry.npmjs.org/
22 silly mapToRegistry uri https://registry.npmjs.org/gulp-recipe-browserify
23 verbose publish registryBase https://registry.npmjs.org/
24 silly publish uploading C:\Users\pcummuskey\AppData\Roaming\npm-cache\gulp-recipe-browserify\1.1.0-alpha.1\package.tgz
25 verbose request uri https://registry.npmjs.org/gulp-recipe-browserify
26 verbose request sending authorization for write operation
27 info attempt registry request try #1 at 2:33:42 PM
28 verbose request using bearer token for auth
29 verbose request id 309f1d0cd9e1dcbf
30 http request PUT https://registry.npmjs.org/gulp-recipe-browserify
31 http 403 https://registry.npmjs.org/gulp-recipe-browserify
32 verbose headers { 'content-type': 'application/json',
32 verbose headers   'cache-control': 'max-age=60',
32 verbose headers   'content-length': '103',
32 verbose headers   'accept-ranges': 'bytes',
32 verbose headers   date: 'Sun, 01 Nov 2015 14:33:43 GMT',
32 verbose headers   via: '1.1 varnish',
32 verbose headers   connection: 'keep-alive',
32 verbose headers   'x-served-by': 'cache-lcy1120-LCY',
32 verbose headers   'x-cache': 'MISS',
32 verbose headers   'x-cache-hits': '0',
32 verbose headers   'x-timer': 'S1446388422.533866,VS0,VE1012' }
33 verbose request invalidating C:\Users\pcummuskey\AppData\Roaming\npm-cache\registry.npmjs.org\gulp-recipe-browserify on PUT
34 error publish Failed PUT 403
35 verbose stack Error: "You cannot publish over the previously published version 1.1.0-alpha.1." : gulp-recipe-browserify
35 verbose stack     at makeError (C:\Program Files\nodejs\node_modules\npm\node_modules\npm-registry-client\lib\request.js:264:12)
35 verbose stack     at CachingRegistryClient.<anonymous> (C:\Program Files\nodejs\node_modules\npm\node_modules\npm-registry-client\lib\request.js:252:14)
35 verbose stack     at Request._callback (C:\Program Files\nodejs\node_modules\npm\node_modules\npm-registry-client\lib\request.js:172:14)
35 verbose stack     at Request.self.callback (C:\Program Files\nodejs\node_modules\npm\node_modules\request\request.js:198:22)
35 verbose stack     at emitTwo (events.js:87:13)
35 verbose stack     at Request.emit (events.js:172:7)
35 verbose stack     at Request.<anonymous> (C:\Program Files\nodejs\node_modules\npm\node_modules\request\request.js:1063:14)
35 verbose stack     at emitOne (events.js:82:20)
35 verbose stack     at Request.emit (events.js:169:7)
35 verbose stack     at IncomingMessage.<anonymous> (C:\Program Files\nodejs\node_modules\npm\node_modules\request\request.js:1009:12)
36 verbose statusCode 403
37 verbose pkgid gulp-recipe-browserify
38 verbose cwd C:\code\aetheric\gulp-recipe-browserify
39 error Windows_NT 6.3.9600
40 error argv "C:\\Program Files\\nodejs\\node.exe" "C:\\Program Files\\nodejs\\node_modules\\npm\\bin\\npm-cli.js" "publish"
41 error node v4.2.1
42 error npm  v2.14.7
43 error code E403
44 error "You cannot publish over the previously published version 1.1.0-alpha.1." : gulp-recipe-browserify
45 error If you need help, you may report this error at:
45 error     <https://github.com/npm/npm/issues>
46 verbose exit [ 1, true ]
